Detecting compiler hash for triplet x64-windows...
Compiler found: C:/Program Files/Microsoft Visual Studio/18/Community/VC/Tools/MSVC/14.50.35717/bin/Hostx64/x64/cl.exe
The following packages are already installed:
    catch2:x64-windows@3.11.0
    cli11:x64-windows@2.6.1
  * vcpkg-cmake:x64-windows@2024-04-23
  * vcpkg-cmake-config:x64-windows@2024-05-23
catch2 provides CMake targets:

  # this is heuristically generated, and may not be correct
  find_package(Catch2 CONFIG REQUIRED)
  target_link_libraries(main PRIVATE Catch2::Catch2 Catch2::Catch2WithMain)

catch2 provides pkg-config modules:

  # A modern, C++-native test framework for C++14 and above (links in default main)
  catch2-with-main

  # A modern, C++-native, test framework for C++14 and above
  catch2

cli11 provides CMake targets:

  # this is heuristically generated, and may not be correct
  find_package(CLI11 CONFIG REQUIRED)
  target_link_libraries(main PRIVATE CLI11::CLI11)

cli11 provides pkg-config modules:

  # C++ command line parser
  CLI11

All requested installations completed successfully in: 339 us
